SF:/home/ulf/Developer/Ulf/Ablage/scanf/lib/src/charget.dart
DA:13,4
DA:16,10
DA:19,2
DA:20,2
DA:24,2
DA:25,8
DA:26,10
DA:28,4
DA:33,2
DA:34,4
DA:35,2
DA:41,6
DA:44,4
DA:47,6
DA:50,2
DA:76,4
DA:78,2
DA:80,2
DA:81,2
DA:83,2
LF:20
LH:20
end_of_record
SF:/home/ulf/Developer/Ulf/Ablage/scanf/lib/src/literal.dart
DA:10,2
DA:12,2
DA:14,8
DA:15,8
DA:18,2
DA:23,2
DA:25,6
LF:7
LH:7
end_of_record
SF:/home/ulf/Developer/Ulf/Ablage/scanf/lib/src/pstring.dart
DA:7,2
DA:12,2
DA:14,2
DA:15,2
DA:16,2
DA:17,4
DA:19,4
DA:20,2
DA:21,8
DA:22,4
LF:10
LH:10
end_of_record
SF:/home/ulf/Developer/Ulf/Ablage/scanf/lib/src/pdecimal.dart
DA:7,2
DA:12,2
DA:14,2
DA:15,2
DA:16,2
DA:20,4
LF:6
LH:6
end_of_record
SF:/home/ulf/Developer/Ulf/Ablage/scanf/lib/src/scanf.dart
DA:25,2
DA:26,2
DA:29,14
DA:31,2
DA:32,2
DA:35,8
DA:36,2
DA:39,2
DA:42,6
DA:43,2
DA:44,2
DA:48,2
DA:49,4
DA:51,2
DA:52,2
DA:55,2
DA:59,2
DA:60,6
DA:66,2
DA:69,2
DA:71,2
DA:73,2
DA:75,2
DA:76,2
DA:78,2
DA:81,2
DA:82,2
DA:83,2
DA:84,2
DA:85,2
DA:88,2
DA:89,4
DA:92,2
DA:93,2
DA:100,2
DA:101,2
DA:102,2
DA:103,4
DA:104,2
DA:107,2
DA:109,2
DA:111,2
DA:113,2
DA:114,2
DA:117,2
DA:118,2
DA:119,6
DA:120,2
DA:123,2
DA:124,2
DA:125,2
DA:126,2
DA:127,6
DA:128,2
DA:131,2
DA:132,2
DA:133,6
DA:134,2
DA:137,2
DA:138,2
DA:139,6
DA:140,2
DA:143,2
DA:144,2
DA:145,2
DA:146,4
DA:147,2
DA:150,2
DA:151,2
DA:152,6
DA:153,2
DA:156,2
DA:157,2
DA:158,6
DA:159,2
DA:162,2
DA:163,2
DA:164,6
DA:165,2
DA:168,2
DA:169,2
DA:170,2
DA:177,2
DA:179,2
DA:180,2
DA:183,2
DA:184,2
DA:185,2
DA:188,2
DA:189,2
DA:190,2
DA:193,2
DA:194,2
DA:199,2
DA:200,2
DA:205,2
DA:206,2
DA:207,2
DA:208,4
DA:209,2
DA:216,2
DA:218,2
DA:219,4
DA:220,2
DA:222,2
LF:105
LH:105
end_of_record
SF:/home/ulf/Developer/Ulf/Ablage/scanf/lib/src/preal.dart
DA:12,2
DA:18,2
DA:22,2
DA:23,4
DA:24,2
DA:26,4
DA:28,2
DA:29,2
DA:31,8
DA:32,2
DA:33,8
DA:34,2
DA:35,2
DA:38,2
DA:40,8
DA:41,2
DA:42,2
DA:43,8
DA:44,2
DA:45,8
DA:46,2
DA:47,2
DA:49,2
DA:51,2
DA:54,2
DA:55,6
DA:56,4
DA:57,2
DA:58,2
DA:61,4
DA:62,2
DA:63,2
DA:64,4
DA:65,2
DA:66,2
DA:67,2
DA:69,8
DA:70,8
DA:71,2
DA:73,4
DA:75,2
DA:76,2
DA:77,2
DA:80,4
DA:83,4
DA:87,2
DA:88,2
DA:89,2
DA:91,2
DA:92,2
DA:93,2
DA:94,6
DA:97,4
DA:103,2
DA:105,6
LF:55
LH:55
end_of_record
SF:/home/ulf/Developer/Ulf/Ablage/scanf/lib/src/pchar.dart
DA:8,2
DA:13,2
DA:15,2
DA:16,6
DA:17,4
DA:19,4
DA:20,2
DA:21,8
DA:22,4
LF:9
LH:9
end_of_record
SF:/home/ulf/Developer/Ulf/Ablage/scanf/lib/src/phex.dart
DA:7,2
DA:12,2
DA:14,2
DA:15,2
DA:16,4
DA:17,2
DA:18,8
DA:19,2
DA:22,2
DA:26,4
LF:10
LH:10
end_of_record
SF:/home/ulf/Developer/Ulf/Ablage/scanf/lib/src/pset.dart
DA:13,2
DA:20,2
DA:22,12
DA:24,2
DA:25,2
DA:26,4
DA:28,4
DA:29,2
DA:30,8
DA:31,4
DA:37,2
DA:39,8
LF:12
LH:12
end_of_record
SF:/home/ulf/Developer/Ulf/Ablage/scanf/lib/src/scanner.dart
DA:7,2
DA:13,2
DA:15,4
LF:3
LH:3
end_of_record
SF:/home/ulf/Developer/Ulf/Ablage/scanf/lib/src/percent.dart
DA:13,2
DA:20,2
DA:21,2
DA:24,2
DA:27,2
DA:29,8
LF:6
LH:6
end_of_record
SF:/home/ulf/Developer/Ulf/Ablage/scanf/lib/src/pint.dart
DA:8,2
DA:13,2
DA:17,2
DA:18,2
DA:19,4
DA:22,2
DA:23,8
DA:25,2
DA:28,2
DA:31,2
DA:36,2
LF:11
LH:11
end_of_record
SF:/home/ulf/Developer/Ulf/Ablage/scanf/lib/src/poctal.dart
DA:7,2
DA:12,2
DA:14,2
DA:15,2
DA:16,2
DA:20,4
LF:6
LH:6
end_of_record
SF:/home/ulf/Developer/Ulf/Ablage/scanf/lib/src/whitespace.dart
DA:7,2
DA:9,2
DA:11,4
DA:12,2
LF:4
LH:4
end_of_record
SF:/home/ulf/Developer/Ulf/Ablage/scanf/lib/src/pnum.dart
DA:7,2
DA:13,2
DA:14,2
DA:15,2
DA:16,2
DA:19,2
DA:20,2
DA:29,2
DA:30,2
DA:31,2
DA:34,2
DA:37,4
DA:38,2
DA:39,6
LF:14
LH:14
end_of_record
